<?xml version="1.0" encoding="UTF-8"?>
<testng-results skipped="0" failed="1" ignored="0" total="3" passed="2">
  <reporter-output>
  </reporter-output>
  <suite name="Android" duration-ms="745162" started-at="2022-10-29T20:13:20 IST" finished-at="2022-10-29T20:25:45 IST">
    <groups>
    </groups>
    <test name="RingPay" duration-ms="745162" started-at="2022-10-29T20:13:20 IST" finished-at="2022-10-29T20:25:45 IST">
      <class name="com.RingPay.TestScripts.RingPayTestScripts">
        <test-method status="PASS" signature="Before()[pri:0, instance:com.RingPay.TestScripts.RingPayTestScripts@15bbf42f]" name="Before" is-config="true" duration-ms="12653" started-at="2022-10-29T20:13:30 IST" finished-at="2022-10-29T20:13:42 IST">
          <reporter-output>
          </reporter-output>
        </test-method> <!-- Before -->
        <test-method status="PASS" signature="User_Playstore_Flow(java.lang.String, java.lang.String, java.lang.String, java.lang.String, java.lang.String, java.lang.String, java.lang.String, java.lang.String)[pri:0, instance:com.RingPay.TestScripts.RingPayTestScripts@15bbf42f]" name="User_Playstore_Flow" duration-ms="126064" started-at="2022-10-29T20:13:42 IST" finished-at="2022-10-29T20:15:48 IST">
          <params>
            <param index="0">
              <value>
                <![CDATA[9731239214]]>
              </value>
            </param>
            <param index="1">
              <value>
                <![CDATA[8123267268]]>
              </value>
            </param>
            <param index="2">
              <value>
                <![CDATA[8124569]]>
              </value>
            </param>
            <param index="3">
              <value>
                <![CDATA[98863277656]]>
              </value>
            </param>
            <param index="4">
              <value>
                <![CDATA[8124,4]]>
              </value>
            </param>
            <param index="5">
              <value>
                <![CDATA[8124 4]]>
              </value>
            </param>
            <param index="6">
              <value>
                <![CDATA[12345]]>
              </value>
            </param>
            <param index="7">
              <value>
                <![CDATA[123123]]>
              </value>
            </param>
          </params>
          <reporter-output>
          </reporter-output>
        </test-method> <!-- User_Playstore_Flow -->
        <test-method status="PASS" signature="userRegistrationFlow(java.lang.String, java.lang.String, java.lang.String, java.lang.String)[pri:1, instance:com.RingPay.TestScripts.RingPayTestScripts@15bbf42f]" name="userRegistrationFlow" duration-ms="552242" started-at="2022-10-29T20:15:56 IST" finished-at="2022-10-29T20:25:08 IST">
          <params>
            <param index="0">
              <value>
                <![CDATA[Feb]]>
              </value>
            </param>
            <param index="1">
              <value>
                <![CDATA[10]]>
              </value>
            </param>
            <param index="2">
              <value>
                <![CDATA[1966]]>
              </value>
            </param>
            <param index="3">
              <value>
                <![CDATA[male]]>
              </value>
            </param>
          </params>
          <reporter-output>
          </reporter-output>
        </test-method> <!-- userRegistrationFlow -->
        <test-method status="FAIL" signature="merchantFlow()[pri:2, instance:com.RingPay.TestScripts.RingPayTestScripts@15bbf42f]" name="merchantFlow" duration-ms="24724" started-at="2022-10-29T20:25:16 IST" finished-at="2022-10-29T20:25:40 IST">
          <exception class="java.lang.AssertionError">
            <message>
              <![CDATA[The following asserts failed:
expected [Enter valid First Name ] but found [Enter valid First Name],
expected [Enter valid Last Name ] but found [Enter valid Last Name],
expected [ Check your connection & try again ] but found [Check your connection & try again]]]>
            </message>
            <full-stacktrace>
              <![CDATA[java.lang.AssertionError: The following asserts failed:
expected [Enter valid First Name ] but found [Enter valid First Name],
expected [Enter valid Last Name ] but found [Enter valid Last Name],
expected [ Check your connection & try again ] but found [Check your connection & try again]
at org.testng.asserts.SoftAssert.assertAll(SoftAssert.java:47)
at org.testng.asserts.SoftAssert.assertAll(SoftAssert.java:31)
at com.business.RingPay.RingPayBusinessLogic.merchantFlow(RingPayBusinessLogic.java:659)
at com.RingPay.TestScripts.RingPayTestScripts.merchantFlow(RingPayTestScripts.java:52)
at sun.reflect.NativeMethodAccessorImpl.invoke0(Native Method)
at sun.reflect.NativeMethodAccessorImpl.invoke(Unknown Source)
at sun.reflect.DelegatingMethodAccessorImpl.invoke(Unknown Source)
at java.lang.reflect.Method.invoke(Unknown Source)
at org.testng.internal.MethodInvocationHelper.invokeMethod(MethodInvocationHelper.java:134)
at org.testng.internal.TestInvoker.invokeMethod(TestInvoker.java:597)
at org.testng.internal.TestInvoker.invokeTestMethod(TestInvoker.java:173)
at org.testng.internal.MethodRunner.runInSequence(MethodRunner.java:46)
at org.testng.internal.TestInvoker$MethodInvocationAgent.invoke(TestInvoker.java:816)
at org.testng.internal.TestInvoker.invokeTestMethods(TestInvoker.java:146)
at org.testng.internal.TestMethodWorker.invokeTestMethods(TestMethodWorker.java:146)
at org.testng.internal.TestMethodWorker.run(TestMethodWorker.java:128)
at java.util.ArrayList.forEach(Unknown Source)
at org.testng.TestRunner.privateRun(TestRunner.java:766)
at org.testng.TestRunner.run(TestRunner.java:587)
at org.testng.SuiteRunner.runTest(SuiteRunner.java:384)
at org.testng.SuiteRunner.runSequentially(SuiteRunner.java:378)
at org.testng.SuiteRunner.privateRun(SuiteRunner.java:337)
at org.testng.SuiteRunner.run(SuiteRunner.java:286)
at org.testng.SuiteRunnerWorker.runSuite(SuiteRunnerWorker.java:53)
at org.testng.SuiteRunnerWorker.run(SuiteRunnerWorker.java:96)
at org.testng.TestNG.runSuitesSequentially(TestNG.java:1187)
at org.testng.TestNG.runSuitesLocally(TestNG.java:1109)
at org.testng.TestNG.runSuites(TestNG.java:1039)
at org.testng.TestNG.run(TestNG.java:1007)
at org.testng.remote.AbstractRemoteTestNG.run(AbstractRemoteTestNG.java:115)
at org.testng.remote.RemoteTestNG.initAndRun(RemoteTestNG.java:251)
at org.testng.remote.RemoteTestNG.main(RemoteTestNG.java:77)
]]>
            </full-stacktrace>
          </exception> <!-- java.lang.AssertionError -->
          <reporter-output>
          </reporter-output>
        </test-method> <!-- merchantFlow -->
      </class> <!-- com.RingPay.TestScripts.RingPayTestScripts -->
    </test> <!-- RingPay -->
  </suite> <!-- Android -->
</testng-results>
